[2023-04-02 05:57:37,958][haystack.modeling.utils][INFO] - Using devices: CPU - Number of GPUs: 0
[2023-04-02 05:57:37,960][haystack.pipelines.base][INFO] - It seems that an indexing Pipeline is run, so using the nodes' run method instead of run_batch.
[2023-04-02 05:57:38,323][haystack.nodes.preprocessor.preprocessor][WARNING] - We found one or more sentences whose word count is higher than the split length.
[2023-04-02 05:57:38,353][haystack.nodes.preprocessor.preprocessor][WARNING] - Document b48fb0da693eb4d81b3566d0069868b3 is 10488 characters long after preprocessing, where the maximum length should be 10000. Something might be wrong with the splitting, check the document affected to prevent issues at query time.
[2023-04-02 05:57:38,495][haystack.nodes.preprocessor.preprocessor][WARNING] - Document dd048b8e5bcb7de1be5bd3937f15442f is 14232 characters long after preprocessing, where the maximum length should be 10000. Something might be wrong with the splitting, check the document affected to prevent issues at query time.
[2023-04-02 05:57:38,544][haystack.nodes.preprocessor.preprocessor][WARNING] - Document 4189b42892b3d941c035947d512b69dd is 12059 characters long after preprocessing, where the maximum length should be 10000. Something might be wrong with the splitting, check the document affected to prevent issues at query time.
[2023-04-02 05:57:39,168][haystack.modeling.utils][INFO] - Using devices: CPU - Number of GPUs: 0
[2023-04-02 05:57:39,169][haystack.modeling.utils][INFO] - Using devices: CPU - Number of GPUs: 0
[2023-04-02 05:57:39,321][haystack.modeling.model.language_model][INFO] -  * LOADING MODEL: 'deepset/roberta-base-squad2' (Roberta)
[2023-04-02 05:57:40,832][haystack.modeling.model.language_model][INFO] - Auto-detected model language: english
[2023-04-02 05:57:40,833][haystack.modeling.model.language_model][INFO] - Loaded 'deepset/roberta-base-squad2' (Roberta model) from model hub.
[2023-04-02 05:57:42,444][haystack.modeling.utils][INFO] - Using devices: CPU - Number of GPUs: 0
[2023-04-02 06:02:16,454][haystack.document_stores.memory][WARNING] - InMemoryDocumentStore does not support scale_score for BM25 retrieval. This parameter is ignored.
[2023-04-02 06:03:01,690][haystack.document_stores.memory][WARNING] - InMemoryDocumentStore does not support scale_score for BM25 retrieval. This parameter is ignored.
[2023-04-02 06:03:16,791][haystack.document_stores.memory][WARNING] - InMemoryDocumentStore does not support scale_score for BM25 retrieval. This parameter is ignored.
[2023-04-02 06:04:14,705][haystack.document_stores.memory][WARNING] - InMemoryDocumentStore does not support scale_score for BM25 retrieval. This parameter is ignored.
[2023-04-02 06:05:09,428][haystack.document_stores.memory][WARNING] - InMemoryDocumentStore does not support scale_score for BM25 retrieval. This parameter is ignored.
[2023-04-02 23:48:24,319][haystack.document_stores.memory][WARNING] - InMemoryDocumentStore does not support scale_score for BM25 retrieval. This parameter is ignored.
[2023-04-03 00:34:49,545][haystack.document_stores.memory][WARNING] - InMemoryDocumentStore does not support scale_score for BM25 retrieval. This parameter is ignored.
[2023-04-03 00:35:41,810][haystack.document_stores.memory][WARNING] - InMemoryDocumentStore does not support scale_score for BM25 retrieval. This parameter is ignored.
