[2023-04-04 02:32:34,518][haystack.modeling.utils][INFO] - Using devices: CPU - Number of GPUs: 0
[2023-04-04 02:32:34,520][haystack.pipelines.base][INFO] - It seems that an indexing Pipeline is run, so using the nodes' run method instead of run_batch.
[2023-04-04 02:32:34,881][haystack.nodes.preprocessor.preprocessor][WARNING] - We found one or more sentences whose word count is higher than the split length.
[2023-04-04 02:32:34,911][haystack.nodes.preprocessor.preprocessor][WARNING] - Document b48fb0da693eb4d81b3566d0069868b3 is 10488 characters long after preprocessing, where the maximum length should be 10000. Something might be wrong with the splitting, check the document affected to prevent issues at query time.
[2023-04-04 02:32:35,055][haystack.nodes.preprocessor.preprocessor][WARNING] - Document dd048b8e5bcb7de1be5bd3937f15442f is 14232 characters long after preprocessing, where the maximum length should be 10000. Something might be wrong with the splitting, check the document affected to prevent issues at query time.
[2023-04-04 02:32:35,103][haystack.nodes.preprocessor.preprocessor][WARNING] - Document 4189b42892b3d941c035947d512b69dd is 12059 characters long after preprocessing, where the maximum length should be 10000. Something might be wrong with the splitting, check the document affected to prevent issues at query time.
[2023-04-04 02:32:35,729][haystack.modeling.utils][INFO] - Using devices: CPU - Number of GPUs: 0
[2023-04-04 02:32:35,729][haystack.modeling.utils][INFO] - Using devices: CPU - Number of GPUs: 0
[2023-04-04 02:32:35,868][haystack.modeling.model.language_model][INFO] -  * LOADING MODEL: 'deepset/roberta-base-squad2' (Roberta)
[2023-04-04 02:32:37,423][haystack.modeling.model.language_model][INFO] - Auto-detected model language: english
[2023-04-04 02:32:37,424][haystack.modeling.model.language_model][INFO] - Loaded 'deepset/roberta-base-squad2' (Roberta model) from model hub.
[2023-04-04 02:32:39,141][haystack.modeling.utils][INFO] - Using devices: CPU - Number of GPUs: 0
[2023-04-04 02:34:02,957][haystack.document_stores.memory][WARNING] - InMemoryDocumentStore does not support scale_score for BM25 retrieval. This parameter is ignored.
[2023-04-04 02:34:03,583][root][ERROR] - got unexpected error processing a message: name 'answer' is not defined.
Traceback (most recent call last):
  File "/home/sami/.local/lib/python3.8/site-packages/dbus_next/message_bus.py", line 621, in _on_message
    self._process_message(msg)
  File "/home/sami/.local/lib/python3.8/site-packages/dbus_next/message_bus.py", line 712, in _process_message
    handler(msg, send_reply)
  File "/home/sami/.local/lib/python3.8/site-packages/dbus_next/message_bus.py", line 731, in handler
    result = method.fn(interface, *args)
  File "/home/sami/editAI/qa.py", line 74, in ask
    return self._ask(question)
  File "/home/sami/editAI/qa.py", line 77, in _ask
    docs = self.get_doc(question)
  File "/home/sami/editAI/qa.py", line 102, in get_doc
    docs = ",".join(str(answer) for answer.answer in prediction["answers"] if answer.score >= self.answer_threshold)
  File "/home/sami/editAI/qa.py", line 102, in <genexpr>
    docs = ",".join(str(answer) for answer.answer in prediction["answers"] if answer.score >= self.answer_threshold)
NameError: name 'answer' is not defined

